<?xml version="1.0" encoding="UTF-8"?>
<!-- Generated by org.testng.reporters.JUnitXMLReporter -->
<testsuite ignored="0" hostname="DESKTOP-8G9TBV4" failures="0" tests="4" name="Surefire test" time="16.291" errors="0" timestamp="23 Mar 2023 23:17:17 GMT">
  <testcase classname="alerts.AlertsTest" name="testAcceptAlert" time="0.331"/>
  <testcase classname="dropdown.DropdownTest" name="testSelectOption" time="0.43"/>
  <testcase classname="frames.FrameTest" name="testWysiwyg" time="1.624"/>
  <testcase classname="login.LoginTest" name="testSucessfullLogin" time="0.88"/>
</testsuite> <!-- Surefire test -->
