<?xml version="1.0" encoding="UTF-8"?>
<!-- Generated by org.testng.reporters.JUnitXMLReporter -->
<testsuite hostname="DESKTOP-8G9TBV4" ignored="0" name="Command line test" tests="4" failures="0" timestamp="23 Mar 2023 22:15:37 GMT" time="14.445" errors="0">
  <testcase name="testAcceptAlert" time="0.392" classname="alerts.AlertsTest"/>
  <testcase name="testSelectOption" time="0.428" classname="dropdown.DropdownTest"/>
  <testcase name="testWysiwyg" time="1.372" classname="frames.FrameTest"/>
  <testcase name="testSucessfullLogin" time="0.993" classname="login.LoginTest"/>
</testsuite> <!-- Command line test -->
