<?xml version="1.0" encoding="UTF-8"?>
<testng-results ignored="0" total="4" passed="4" failed="0" skipped="0">
  <reporter-output>
  </reporter-output>
  <suite started-at="2023-03-23T23:17:01Z" name="Surefire suite" finished-at="2023-03-23T23:17:17Z" duration-ms="16291">
    <groups>
    </groups>
    <test started-at="2023-03-23T23:17:01Z" name="Surefire test" finished-at="2023-03-23T23:17:17Z" duration-ms="16291">
      <class name="dropdown.DropdownTest">
        <test-method is-config="true" signature="setUp()[pri:0, instance:dropdown.DropdownTest@5c5eefef]" started-at="2023-03-23T23:17:05Z" name="setUp" finished-at="2023-03-23T23:17:08Z" duration-ms="3378" status="PASS">
          <reporter-output>
          </reporter-output>
        </test-method> <!-- setUp -->
        <test-method signature="testSelectOption()[pri:0, instance:dropdown.DropdownTest@5c5eefef]" started-at="2023-03-23T23:17:08Z" name="testSelectOption" finished-at="2023-03-23T23:17:08Z" duration-ms="430" status="PASS">
          <reporter-output>
          </reporter-output>
        </test-method> <!-- testSelectOption -->
        <test-method is-config="true" signature="tearDown()[pri:0, instance:dropdown.DropdownTest@5c5eefef]" started-at="2023-03-23T23:17:08Z" name="tearDown" finished-at="2023-03-23T23:17:08Z" duration-ms="88" status="PASS">
          <reporter-output>
          </reporter-output>
        </test-method> <!-- tearDown -->
      </class> <!-- dropdown.DropdownTest -->
      <class name="login.LoginTest">
        <test-method is-config="true" signature="setUp()[pri:0, instance:login.LoginTest@5158b42f]" started-at="2023-03-23T23:17:13Z" name="setUp" finished-at="2023-03-23T23:17:16Z" duration-ms="2971" status="PASS">
          <reporter-output>
          </reporter-output>
        </test-method> <!-- setUp -->
        <test-method signature="testSucessfullLogin()[pri:0, instance:login.LoginTest@5158b42f]" started-at="2023-03-23T23:17:16Z" name="testSucessfullLogin" finished-at="2023-03-23T23:17:17Z" duration-ms="880" status="PASS">
          <reporter-output>
          </reporter-output>
        </test-method> <!-- testSucessfullLogin -->
        <test-method is-config="true" signature="tearDown()[pri:0, instance:login.LoginTest@5158b42f]" started-at="2023-03-23T23:17:17Z" name="tearDown" finished-at="2023-03-23T23:17:17Z" duration-ms="99" status="PASS">
          <reporter-output>
          </reporter-output>
        </test-method> <!-- tearDown -->
      </class> <!-- login.LoginTest -->
      <class name="frames.FrameTest">
        <test-method is-config="true" signature="setUp()[pri:0, instance:frames.FrameTest@16293aa2]" started-at="2023-03-23T23:17:08Z" name="setUp" finished-at="2023-03-23T23:17:12Z" duration-ms="3061" status="PASS">
          <reporter-output>
          </reporter-output>
        </test-method> <!-- setUp -->
        <test-method signature="testWysiwyg()[pri:0, instance:frames.FrameTest@16293aa2]" started-at="2023-03-23T23:17:12Z" name="testWysiwyg" finished-at="2023-03-23T23:17:13Z" duration-ms="1624" status="PASS">
          <reporter-output>
          </reporter-output>
        </test-method> <!-- testWysiwyg -->
        <test-method is-config="true" signature="tearDown()[pri:0, instance:frames.FrameTest@16293aa2]" started-at="2023-03-23T23:17:13Z" name="tearDown" finished-at="2023-03-23T23:17:13Z" duration-ms="90" status="PASS">
          <reporter-output>
          </reporter-output>
        </test-method> <!-- tearDown -->
      </class> <!-- frames.FrameTest -->
      <class name="alerts.AlertsTest">
        <test-method is-config="true" signature="setUp()[pri:0, instance:alerts.AlertsTest@222545dc]" started-at="2023-03-23T23:17:01Z" name="setUp" finished-at="2023-03-23T23:17:04Z" duration-ms="3237" status="PASS">
          <reporter-output>
          </reporter-output>
        </test-method> <!-- setUp -->
        <test-method signature="testAcceptAlert()[pri:0, instance:alerts.AlertsTest@222545dc]" started-at="2023-03-23T23:17:04Z" name="testAcceptAlert" finished-at="2023-03-23T23:17:04Z" duration-ms="331" status="PASS">
          <reporter-output>
          </reporter-output>
        </test-method> <!-- testAcceptAlert -->
        <test-method is-config="true" signature="tearDown()[pri:0, instance:alerts.AlertsTest@222545dc]" started-at="2023-03-23T23:17:04Z" name="tearDown" finished-at="2023-03-23T23:17:05Z" duration-ms="92" status="PASS">
          <reporter-output>
          </reporter-output>
        </test-method> <!-- tearDown -->
      </class> <!-- alerts.AlertsTest -->
    </test> <!-- Surefire test -->
  </suite> <!-- Surefire suite -->
</testng-results>
